0 info it worked if it ends with ok
1 verbose cli [ '/usr/local/bin/node',
1 verbose cli   '/usr/local/bin/npm',
1 verbose cli   'run',
1 verbose cli   'test-watch' ]
2 info using npm@1.2.11
3 info using node@v0.8.20
4 verbose read json /home/med/holbertonschool-web_react/0x03-react_props/task_1/package.json
5 error Failed to parse json
5 error Unexpected token :
6 error File: /home/med/holbertonschool-web_react/0x03-react_props/task_1/package.json
7 error Failed to parse package.json data.
7 error package.json must be actual JSON, not just JavaScript.
7 error
7 error This is not a bug in npm.
7 error Tell the package author to fix their package.json file. JSON.parse
8 error System Linux 4.4.0-19041-Microsoft
9 error command "/usr/local/bin/node" "/usr/local/bin/npm" "run" "test-watch"
10 error cwd /home/med/holbertonschool-web_react/0x03-react_props/task_1
11 error node -v v0.8.20
12 error npm -v 1.2.11
13 error file /home/med/holbertonschool-web_react/0x03-react_props/task_1/package.json
14 error code EJSONPARSE
15 verbose exit [ 1, true ]
